<?xml version="1.0" encoding="UTF-8"?>
<!-- Generated by org.testng.reporters.JUnitReportReporter -->
<testsuite hostname="Lenovo" failures="0" tests="2" name="testProgram.Test00001" time="103.839" errors="0" timestamp="2023-07-06T07:33:05 IST" skipped="0">
  <testcase classname="testProgram.Test00001" name="verifyTitle" time="68.594"/>
  <system-out/>
  <testcase classname="testProgram.Test00001" name="verifyLogo" time="35.245"/>
  <system-out/>
</testsuite> <!-- testProgram.Test00001 -->
