<?xml version="1.0" encoding="UTF-8"?>
<!-- Generated by org.testng.reporters.JUnitReportReporter -->
<testsuite hostname="Lenovo" failures="0" tests="2" name="testProgram.Test00001" time="61.674" errors="0" timestamp="2023-07-07T02:12:59 IST" skipped="0">
  <testcase classname="testProgram.Test00001" name="verifyTitle" time="21.321"/>
  <system-out/>
  <testcase classname="testProgram.Test00001" name="verifyLogo" time="40.353"/>
  <system-out/>
</testsuite> <!-- testProgram.Test00001 -->
